<?xml version="1.0" encoding="UTF-8"?>
<!-- Generated by org.testng.reporters.JUnitXMLReporter -->
<testsuite ignored="4" hostname="CodeOne" failures="0" tests="1" name="RegressionTest" time="0.028" errors="0" timestamp="2022-05-27T23:00:41 EDT">
  <testcase classname="base.BaseClass" name="@BeforeMethod setUp" time="-1.653706841084E9">
    <failure type="org.testng.TestNGException" message="
Parameter &amp;apos;browser&amp;apos; is required by BeforeMethod on method setUp but has not been marked @Optional or defined
in C:\Users\rubal\eclipse-workspace\com.amfam.com\SmokeRunner.xml">
      <![CDATA[org.testng.TestNGException: 
Parameter 'browser' is required by BeforeMethod on method setUp but has not been marked @Optional or defined
in C:\Users\rubal\eclipse-workspace\com.amfam.com\SmokeRunner.xml
at java.base/java.util.ArrayList.forEach(ArrayList.java:1511)
... Removed 28 stack frames]]>
    </failure>
  </testcase> <!-- @BeforeMethod setUp -->
  <testcase classname="base.BaseClass" name="@BeforeMethod startReport" time="-1.653706841089E9">
    <skipped/>
  </testcase> <!-- @BeforeMethod startReport -->
  <testcase classname="base.BaseClass" name="@AfterMethod afterEachTestMethod" time="-1.653706841092E9">
    <skipped/>
  </testcase> <!-- @AfterMethod afterEachTestMethod -->
  <testcase classname="base.BaseClass" name="@AfterMethod cleaningUp" time="-1.653706841092E9">
    <skipped/>
  </testcase> <!-- @AfterMethod cleaningUp -->
  <testcase classname="com.amfam.test.auto.AutoTestRobust" name="hondaTest" time="0.0">
    <skipped/>
  </testcase> <!-- hondaTest -->
  <testcase classname="com.amfam.test.auto.AutoTestRobust" name="toyotaTestWithoutParam" time="0.0">
    <ignored/>
  </testcase> <!-- toyotaTestWithoutParam -->
  <testcase classname="com.amfam.test.auto.AutoTestRobust" name="toyotaTest" time="0.0">
    <ignored/>
  </testcase> <!-- toyotaTest -->
  <testcase classname="com.amfam.test.auto.AutoTestRobust" name="dependsOnMethod" time="0.0">
    <ignored/>
  </testcase> <!-- dependsOnMethod -->
  <testcase classname="com.amfam.test.auto.AutoTestRobust" name="dependsOnGroups" time="0.0">
    <ignored/>
  </testcase> <!-- dependsOnGroups -->
</testsuite> <!-- RegressionTest -->
