<?xml version="1.0" encoding="UTF-8"?>
<!-- Generated by org.testng.reporters.JUnitXMLReporter -->
<testsuite ignored="1" hostname="CodeOne" failures="0" tests="5" name="SmokTest" time="115.981" errors="0" timestamp="2022-05-21T06:30:41 EDT">
  <testcase classname="com.amfam.test.home.HomeTestRobust" name="homeTest1" time="0.003"/>
  <testcase classname="com.amfam.test.home.HomeTestRobust" name="homeTest2" time="0.0"/>
  <testcase classname="com.amfam.test.auto.AutoTestRobust" name="hondaTest" time="94.554"/>
  <testcase classname="com.amfam.test.auto.AutoTestRobust" name="dependsOnMethod" time="0.0"/>
  <testcase classname="com.amfam.test.auto.AutoTestRobust" name="dependsOnGroups" time="0.002"/>
  <testcase classname="com.amfam.test.auto.AutoTestRobust" name="bmwTest" time="0.0">
    <ignored/>
  </testcase> <!-- bmwTest -->
</testsuite> <!-- SmokTest -->
