<?xml version="1.0" encoding="UTF-8"?>
<!-- Generated by org.testng.reporters.JUnitXMLReporter -->
<testsuite ignored="0" hostname="CodeOne" failures="0" tests="4" name="SmokTest" time="204.804" errors="0" timestamp="2022-05-18T23:18:31 EDT">
  <testcase classname="com.amfam.test.auto.AutoTestRobust" name="bmwTest" time="95.463"/>
  <testcase classname="com.amfam.test.auto.AutoTestRobust" name="hondaTest" time="93.97"/>
  <testcase classname="com.amfam.test.home.HomeTestRobust" name="homeTest1" time="0.001"/>
  <testcase classname="com.amfam.test.home.HomeTestRobust" name="homeTest2" time="0.001"/>
</testsuite> <!-- SmokTest -->
