<?xml version="1.0" encoding="UTF-8"?>
<!-- Generated by org.testng.reporters.JUnitXMLReporter -->
<testsuite ignored="0" hostname="CodeOne" failures="0" tests="5" name="Default test" time="1.147" errors="0" timestamp="2022-05-28T22:51:40 EDT">
  <testcase classname="base.BaseClass" name="@BeforeMethod setUp" time="-1.653792700374E9">
    <failure type="org.testng.TestNGException" message="
Parameter &amp;apos;browser&amp;apos; is required by BeforeMethod on method setUp but has not been marked @Optional or defined
in C:\Users\rubal\AppData\Local\Temp\testng-eclipse--1889339024\testng-customsuite.xml">
      <![CDATA[org.testng.TestNGException: 
Parameter 'browser' is required by BeforeMethod on method setUp but has not been marked @Optional or defined
in C:\Users\rubal\AppData\Local\Temp\testng-eclipse--1889339024\testng-customsuite.xml
at org.testng.internal.Parameters.createParams(Parameters.java:270)
at org.testng.internal.Parameters.createParametersForMethod(Parameters.java:358)
at org.testng.internal.Parameters.createParameters(Parameters.java:700)
at org.testng.internal.Parameters.createConfigurationParameters(Parameters.java:168)
at org.testng.internal.ConfigInvoker.invokeConfigurations(ConfigInvoker.java:302)
at org.testng.internal.TestInvoker.runConfigMethods(TestInvoker.java:700)
at org.testng.internal.TestInvoker.invokeMethod(TestInvoker.java:527)
at org.testng.internal.TestInvoker.invokeTestMethod(TestInvoker.java:173)
at org.testng.internal.MethodRunner.runInSequence(MethodRunner.java:46)
at org.testng.internal.TestInvoker$MethodInvocationAgent.invoke(TestInvoker.java:824)
at org.testng.internal.TestInvoker.invokeTestMethods(TestInvoker.java:146)
at org.testng.internal.TestMethodWorker.invokeTestMethods(TestMethodWorker.java:146)
at org.testng.internal.TestMethodWorker.run(TestMethodWorker.java:128)
at java.base/java.util.ArrayList.forEach(ArrayList.java:1511)
at org.testng.TestRunner.privateRun(TestRunner.java:794)
at org.testng.TestRunner.run(TestRunner.java:596)
at org.testng.SuiteRunner.runTest(SuiteRunner.java:377)
at org.testng.SuiteRunner.runSequentially(SuiteRunner.java:371)
at org.testng.SuiteRunner.privateRun(SuiteRunner.java:332)
at org.testng.SuiteRunner.run(SuiteRunner.java:276)
at org.testng.SuiteRunnerWorker.runSuite(SuiteRunnerWorker.java:53)
at org.testng.SuiteRunnerWorker.run(SuiteRunnerWorker.java:96)
at org.testng.TestNG.runSuitesSequentially(TestNG.java:1212)
at org.testng.TestNG.runSuitesLocally(TestNG.java:1134)
at org.testng.TestNG.runSuites(TestNG.java:1063)
at org.testng.TestNG.run(TestNG.java:1031)
at org.testng.remote.AbstractRemoteTestNG.run(AbstractRemoteTestNG.java:115)
at org.testng.remote.RemoteTestNG.initAndRun(RemoteTestNG.java:251)
at org.testng.remote.RemoteTestNG.main(RemoteTestNG.java:77)
]]>
    </failure>
  </testcase> <!-- @BeforeMethod setUp -->
  <testcase classname="base.BaseClass" name="@BeforeMethod startReport" time="-1.653792700382E9">
    <skipped/>
  </testcase> <!-- @BeforeMethod startReport -->
  <testcase classname="base.BaseClass" name="@AfterMethod afterEachTestMethod" time="-1.653792700389E9">
    <skipped/>
  </testcase> <!-- @AfterMethod afterEachTestMethod -->
  <testcase classname="base.BaseClass" name="@AfterMethod cleaningUp" time="-1.65379270039E9">
    <skipped/>
  </testcase> <!-- @AfterMethod cleaningUp -->
  <testcase classname="base.BaseClass" name="@BeforeMethod setUp" time="-1.653792700392E9">
    <skipped/>
  </testcase> <!-- @BeforeMethod setUp -->
  <testcase classname="base.BaseClass" name="@BeforeMethod startReport" time="-1.653792700393E9">
    <skipped/>
  </testcase> <!-- @BeforeMethod startReport -->
  <testcase classname="base.BaseClass" name="@AfterMethod afterEachTestMethod" time="-1.653792700396E9">
    <skipped/>
  </testcase> <!-- @AfterMethod afterEachTestMethod -->
  <testcase classname="base.BaseClass" name="@AfterMethod cleaningUp" time="-1.653792700397E9">
    <skipped/>
  </testcase> <!-- @AfterMethod cleaningUp -->
  <testcase classname="base.BaseClass" name="@BeforeMethod setUp" time="-1.653792700399E9">
    <skipped/>
  </testcase> <!-- @BeforeMethod setUp -->
  <testcase classname="base.BaseClass" name="@BeforeMethod startReport" time="-1.6537927004E9">
    <skipped/>
  </testcase> <!-- @BeforeMethod startReport -->
  <testcase classname="base.BaseClass" name="@AfterMethod afterEachTestMethod" time="-1.653792700404E9">
    <skipped/>
  </testcase> <!-- @AfterMethod afterEachTestMethod -->
  <testcase classname="base.BaseClass" name="@AfterMethod cleaningUp" time="-1.653792700405E9">
    <skipped/>
  </testcase> <!-- @AfterMethod cleaningUp -->
  <testcase classname="base.BaseClass" name="@BeforeMethod setUp" time="-1.653792700406E9">
    <skipped/>
  </testcase> <!-- @BeforeMethod setUp -->
  <testcase classname="base.BaseClass" name="@BeforeMethod startReport" time="-1.653792700407E9">
    <skipped/>
  </testcase> <!-- @BeforeMethod startReport -->
  <testcase classname="base.BaseClass" name="@AfterMethod afterEachTestMethod" time="-1.653792700412E9">
    <skipped/>
  </testcase> <!-- @AfterMethod afterEachTestMethod -->
  <testcase classname="base.BaseClass" name="@AfterMethod cleaningUp" time="-1.653792700414E9">
    <skipped/>
  </testcase> <!-- @AfterMethod cleaningUp -->
  <testcase classname="base.BaseClass" name="@BeforeMethod setUp" time="-1.653792700416E9">
    <skipped/>
  </testcase> <!-- @BeforeMethod setUp -->
  <testcase classname="base.BaseClass" name="@BeforeMethod startReport" time="-1.653792700417E9">
    <skipped/>
  </testcase> <!-- @BeforeMethod startReport -->
  <testcase classname="base.BaseClass" name="@AfterMethod afterEachTestMethod" time="-1.653792700423E9">
    <skipped/>
  </testcase> <!-- @AfterMethod afterEachTestMethod -->
  <testcase classname="base.BaseClass" name="@AfterMethod cleaningUp" time="-1.653792700424E9">
    <skipped/>
  </testcase> <!-- @AfterMethod cleaningUp -->
  <testcase classname="com.amfam.test.auto.AutoTestExcelDataProvider" name="toyotaTestWithoutParam" time="0.0">
    <skipped/>
  </testcase> <!-- toyotaTestWithoutParam -->
  <testcase classname="com.amfam.test.auto.AutoTestExcelDataProvider" name="toyotaTestWithoutParam" time="0.0">
    <skipped/>
  </testcase> <!-- toyotaTestWithoutParam -->
  <testcase classname="com.amfam.test.auto.AutoTestExcelDataProvider" name="toyotaTestWithoutParam" time="0.0">
    <skipped/>
  </testcase> <!-- toyotaTestWithoutParam -->
  <testcase classname="com.amfam.test.auto.AutoTestExcelDataProvider" name="toyotaTestWithoutParam" time="0.0">
    <skipped/>
  </testcase> <!-- toyotaTestWithoutParam -->
  <testcase classname="com.amfam.test.auto.AutoTestExcelDataProvider" name="toyotaTestWithoutParam" time="0.0">
    <skipped/>
  </testcase> <!-- toyotaTestWithoutParam -->
</testsuite> <!-- Default test -->
