<?xml version="1.0" encoding="UTF-8"?>
<!-- Generated by org.testng.reporters.JUnitXMLReporter -->
<testsuite ignored="2" hostname="CodeOne" failures="1" tests="1" name="Test" time="1.305" errors="0" timestamp="2022-05-26T21:54:30 EDT">
  <testcase classname="com.amfam.test.auto.AutoTestExcelDataProvider" name="toyotaTestWithoutParam" time="1.267">
    <failure type="java.lang.NullPointerException" message="Cannot invoke &amp;quot;java.util.List.contains(Object)&amp;quot; because the return value of &amp;quot;java.util.Map.get(Object)&amp;quot; is null">
      <![CDATA[java.lang.NullPointerException: Cannot invoke "java.util.List.contains(Object)" because the return value of "java.util.Map.get(Object)" is null
at java.base/java.util.ArrayList.forEach(ArrayList.java:1511)
... Removed 30 stack frames]]>
    </failure>
  </testcase> <!-- toyotaTestWithoutParam -->
  <testcase classname="com.amfam.test.home.HomeTest" name="homeTest2" time="0.0">
    <ignored/>
  </testcase> <!-- homeTest2 -->
  <testcase classname="com.amfam.test.home.HomeTest" name="homeTest1" time="0.0">
    <ignored/>
  </testcase> <!-- homeTest1 -->
</testsuite> <!-- Test -->
