<?xml version="1.0" encoding="UTF-8"?>
<!-- Generated by org.testng.reporters.JUnitXMLReporter -->
<testsuite ignored="7" hostname="CodeOne" failures="0" tests="2" name="TestChrome" time="116.716" errors="0" timestamp="2022-05-23T20:57:01 EDT">
  <testcase classname="com.amfam.test.auto.AutoTestDataProviderClass" name="autoTestWithDataProviderClass" time="43.851"/>
  <testcase classname="com.amfam.test.auto.AutoTestDataProviderClass" name="autoTestWithDataProviderClass" time="43.939"/>
  <testcase classname="com.amfam.test.home.HomeTestRobust" name="homeTest1" time="0.0">
    <ignored/>
  </testcase> <!-- homeTest1 -->
  <testcase classname="com.amfam.test.auto.AutoTestRobust" name="toyotaTestWithoutParam" time="0.0">
    <ignored/>
  </testcase> <!-- toyotaTestWithoutParam -->
  <testcase classname="com.amfam.test.auto.AutoTestRobust" name="toyotaTest" time="0.0">
    <ignored/>
  </testcase> <!-- toyotaTest -->
  <testcase classname="com.amfam.test.home.HomeTestRobust" name="homeTest2" time="0.0">
    <ignored/>
  </testcase> <!-- homeTest2 -->
  <testcase classname="com.amfam.test.auto.AutoTestRobust" name="dependsOnMethod" time="0.0">
    <ignored/>
  </testcase> <!-- dependsOnMethod -->
  <testcase classname="com.amfam.test.auto.AutoTestRobust" name="hondaTest" time="0.0">
    <ignored/>
  </testcase> <!-- hondaTest -->
  <testcase classname="com.amfam.test.auto.AutoTestRobust" name="dependsOnGroups" time="0.0">
    <ignored/>
  </testcase> <!-- dependsOnGroups -->
</testsuite> <!-- TestChrome -->
