<?xml version="1.0" encoding="UTF-8"?>
<!-- Generated by org.testng.reporters.JUnitXMLReporter -->
<testsuite ignored="2" hostname="CodeOne" failures="0" tests="2" name="TestChrome" time="109.372" errors="0" timestamp="2022-06-05T23:56:27 EDT">
  <testcase classname="com.amfam.test.auto.AutoTestDataProviderClass" name="autoTestWithDataProviderClass" time="43.625"/>
  <testcase classname="com.amfam.test.auto.AutoTestDataProviderClass" name="autoTestWithDataProviderClass" time="49.23"/>
  <testcase classname="com.amfam.test.home.HomeTest" name="homeTest2" time="0.0">
    <ignored/>
  </testcase> <!-- homeTest2 -->
  <testcase classname="com.amfam.test.home.HomeTest" name="homeTest1" time="0.0">
    <ignored/>
  </testcase> <!-- homeTest1 -->
</testsuite> <!-- TestChrome -->
