<?xml version="1.0" encoding="UTF-8"?>
<!-- Generated by org.testng.reporters.JUnitXMLReporter -->
<testsuite ignored="2" hostname="CodeOne" failures="1" tests="1" name="Test" time="1.242" errors="0" timestamp="2022-05-28T22:33:24 EDT">
  <testcase classname="com.amfam.test.auto.AutoTestExcelDataProvider" name="toyotaTestWithoutParam" time="1.201">
    <failure type="org.testng.internal.reflect.MethodMatcherException" message="
[public void com.amfam.test.auto.AutoTestExcelDataProvider.toyotaTestWithoutParam(java.lang.String,java.lang.String,java.lang.String,java.lang.String,java.lang.String,java.lang.String,java.lang.String,java.lang.String,java.lang.String,java.lang.String,java.lang.String,java.lang.String,java.lang.String,java.lang.String,java.lang.String,java.lang.String,java.lang.String,java.lang.String,java.lang.String,java.lang.String,java.lang.String,java.lang.String,java.lang.String,java.lang.String)] has no parameters defined but was found to be using a data provider (either explicitly specified or inherited from class level annotation).
Data provider mismatch
Method: toyotaTestWithoutParam([Parameter{index=0, type=java.lang.String, declaredAnnotations=[]}, Parameter{index=1, type=java.lang.String, declaredAnnotations=[]}, Parameter{index=2, type=java.lang.String, declaredAnnotations=[]}, Parameter{index=3, type=java.lang.String, declaredAnnotations=[]}, Parameter{index=4, type=java.lang.String, declaredAnnotations=[]}, Parameter{index=5, type=java.lang.String, declaredAnnotations=[]}, Parameter{index=6, type=java.lang.String, declaredAnnotations=[]}, Parameter{index=7, type=java.lang.String, declaredAnnotations=[]}, Parameter{index=8, type=java.lang.String, declaredAnnotations=[]}, Parameter{index=9, type=java.lang.String, declaredAnnotations=[]}, Parameter{index=10, type=java.lang.String, declaredAnnotations=[]}, Parameter{index=11, type=java.lang.String, declaredAnnotations=[]}, Parameter{index=12, type=java.lang.String, declaredAnnotations=[]}, Parameter{index=13, type=java.lang.String, declaredAnnotations=[]}, Parameter{index=14, type=java.lang.String, declaredAnnotations=[]}, Parameter{index=15, type=java.lang.String, declaredAnnotations=[]}, Parameter{index=16, type=java.lang.String, declaredAnnotations=[]}, Parameter{index=17, type=java.lang.String, declaredAnnotations=[]}, Parameter{index=18, type=java.lang.String, declaredAnnotations=[]}, Parameter{index=19, type=java.lang.String, declaredAnnotations=[]}, Parameter{index=20, type=java.lang.String, declaredAnnotations=[]}, Parameter{index=21, type=java.lang.String, declaredAnnotations=[]}, Parameter{index=22, type=java.lang.String, declaredAnnotations=[]}, Parameter{index=23, type=java.lang.String, declaredAnnotations=[]}])
Arguments: [(java.lang.String) Get a Customized Insurance Quote,(java.lang.String) 07424,(java.lang.String) 07424,(java.lang.String) A,(java.lang.String) ,(java.lang.String) P,(java.lang.String) Diesel,(java.lang.String) 01231982,(java.lang.String) youcanemail@gmail.com,(java.lang.String) Woodland Park,(java.lang.String) 1116 McBride Ave,(java.lang.String) NJ,(java.lang.String) 07424,(java.lang.String) 2003,(java.lang.String) 2021,(java.lang.String) HOND,(java.lang.String) CIVIC SPORT,(java.lang.String) HCHBK 4D, V4, 1.5L, 2WD,(java.lang.String) 002,(java.lang.String) 2,(java.lang.String) 3,(java.lang.String) 2,(java.lang.String) 3,(java.lang.String) 2,(java.lang.String) Van]">
      <![CDATA[org.testng.internal.reflect.MethodMatcherException: 
[public void com.amfam.test.auto.AutoTestExcelDataProvider.toyotaTestWithoutParam(java.lang.String,java.lang.String,java.lang.String,java.lang.String,java.lang.String,java.lang.String,java.lang.String,java.lang.String,java.lang.String,java.lang.String,java.lang.String,java.lang.String,java.lang.String,java.lang.String,java.lang.String,java.lang.String,java.lang.String,java.lang.String,java.lang.String,java.lang.String,java.lang.String,java.lang.String,java.lang.String,java.lang.String)] has no parameters defined but was found to be using a data provider (either explicitly specified or inherited from class level annotation).
Data provider mismatch
Method: toyotaTestWithoutParam([Parameter{index=0, type=java.lang.String, declaredAnnotations=[]}, Parameter{index=1, type=java.lang.String, declaredAnnotations=[]}, Parameter{index=2, type=java.lang.String, declaredAnnotations=[]}, Parameter{index=3, type=java.lang.String, declaredAnnotations=[]}, Parameter{index=4, type=java.lang.String, declaredAnnotations=[]}, Parameter{index=5, type=java.lang.String, declaredAnnotations=[]}, Parameter{index=6, type=java.lang.String, declaredAnnotations=[]}, Parameter{index=7, type=java.lang.String, declaredAnnotations=[]}, Parameter{index=8, type=java.lang.String, declaredAnnotations=[]}, Parameter{index=9, type=java.lang.String, declaredAnnotations=[]}, Parameter{index=10, type=java.lang.String, declaredAnnotations=[]}, Parameter{index=11, type=java.lang.String, declaredAnnotations=[]}, Parameter{index=12, type=java.lang.String, declaredAnnotations=[]}, Parameter{index=13, type=java.lang.String, declaredAnnotations=[]}, Parameter{index=14, type=java.lang.String, declaredAnnotations=[]}, Parameter{index=15, type=java.lang.String, declaredAnnotations=[]}, Parameter{index=16, type=java.lang.String, declaredAnnotations=[]}, Parameter{index=17, type=java.lang.String, declaredAnnotations=[]}, Parameter{index=18, type=java.lang.String, declaredAnnotations=[]}, Parameter{index=19, type=java.lang.String, declaredAnnotations=[]}, Parameter{index=20, type=java.lang.String, declaredAnnotations=[]}, Parameter{index=21, type=java.lang.String, declaredAnnotations=[]}, Parameter{index=22, type=java.lang.String, declaredAnnotations=[]}, Parameter{index=23, type=java.lang.String, declaredAnnotations=[]}])
Arguments: [(java.lang.String) Get a Customized Insurance Quote,(java.lang.String) 07424,(java.lang.String) 07424,(java.lang.String) A,(java.lang.String) ,(java.lang.String) P,(java.lang.String) Diesel,(java.lang.String) 01231982,(java.lang.String) youcanemail@gmail.com,(java.lang.String) Woodland Park,(java.lang.String) 1116 McBride Ave,(java.lang.String) NJ,(java.lang.String) 07424,(java.lang.String) 2003,(java.lang.String) 2021,(java.lang.String) HOND,(java.lang.String) CIVIC SPORT,(java.lang.String) HCHBK 4D, V4, 1.5L, 2WD,(java.lang.String) 002,(java.lang.String) 2,(java.lang.String) 3,(java.lang.String) 2,(java.lang.String) 3,(java.lang.String) 2,(java.lang.String) Van]
at java.base/java.util.ArrayList.forEach(ArrayList.java:1511)
... Removed 22 stack frames]]>
    </failure>
  </testcase> <!-- toyotaTestWithoutParam -->
  <testcase classname="com.amfam.test.home.HomeTest" name="homeTest2" time="0.0">
    <ignored/>
  </testcase> <!-- homeTest2 -->
  <testcase classname="com.amfam.test.home.HomeTest" name="homeTest1" time="0.0">
    <ignored/>
  </testcase> <!-- homeTest1 -->
</testsuite> <!-- Test -->
