<?xml version="1.0" encoding="UTF-8"?>
<testng-results ignored="2" total="3" passed="0" failed="1" skipped="0">
  <reporter-output>
  </reporter-output>
  <suite started-at="2022-05-26T21:54:29 EDT" name="Suite" finished-at="2022-05-26T21:54:30 EDT" duration-ms="1305">
    <groups>
      <group name="excel">
        <method signature="AutoTestExcelDataProvider.toyotaTestWithoutParam(java.lang.String,java.lang.String,java.lang.String,java.lang.String,java.lang.String,char,java.lang.String,java.lang.String,java.lang.String,java.lang.String,java.lang.String,java.lang.String,java.lang.String,java.lang.String,java.lang.String,java.lang.String,java.lang.String,java.lang.String,java.lang.String,java.lang.String,java.lang.String,java.lang.String,java.lang.String,java.lang.String)[pri:0, instance:com.amfam.test.auto.AutoTestExcelDataProvider@130c12b7]" name="toyotaTestWithoutParam" class="com.amfam.test.auto.AutoTestExcelDataProvider"/>
      </group> <!-- excel -->
    </groups>
    <test started-at="2022-05-26T21:54:29 EDT" name="Test" finished-at="2022-05-26T21:54:30 EDT" duration-ms="1305">
      <class name="com.amfam.test.auto.AutoTestExcelDataProvider">
        <test-method is-config="true" signature="reportingInitiating()[pri:0, instance:com.amfam.test.auto.AutoTestExcelDataProvider@130c12b7]" started-at="2022-05-26T21:54:28 EDT" name="reportingInitiating" finished-at="2022-05-26T21:54:29 EDT" duration-ms="358" status="PASS">
          <reporter-output>
          </reporter-output>
        </test-method> <!-- reportingInitiating -->
        <test-method signature="toyotaTestWithoutParam(java.lang.String,java.lang.String,java.lang.String,java.lang.String,java.lang.String,char,java.lang.String,java.lang.String,java.lang.String,java.lang.String,java.lang.String,java.lang.String,java.lang.String,java.lang.String,java.lang.String,java.lang.String,java.lang.String,java.lang.String,java.lang.String,java.lang.String,java.lang.String,java.lang.String,java.lang.String,java.lang.String)[pri:0, instance:com.amfam.test.auto.AutoTestExcelDataProvider@130c12b7]" started-at="2022-05-26T21:54:29 EDT" name="toyotaTestWithoutParam" data-provider="autoData" finished-at="2022-05-26T21:54:30 EDT" duration-ms="1267" status="FAIL">
          <exception class="java.lang.NullPointerException">
            <message>
              <![CDATA[Cannot invoke "java.util.List.contains(Object)" because the return value of "java.util.Map.get(Object)" is null]]>
            </message>
            <full-stacktrace>
              <![CDATA[java.lang.NullPointerException: Cannot invoke "java.util.List.contains(Object)" because the return value of "java.util.Map.get(Object)" is null
at org.testng.internal.reflect.ReflectionRecipes.isInstanceOf(ReflectionRecipes.java:76)
at org.testng.internal.reflect.ReflectionRecipes.exactMatch(ReflectionRecipes.java:256)
at org.testng.internal.reflect.ReflectionRecipes.exactMatch(ReflectionRecipes.java:241)
at org.testng.internal.reflect.DirectMethodMatcher.match(DirectMethodMatcher.java:33)
at org.testng.internal.reflect.AbstractNodeMethodMatcher.hasConformance(AbstractNodeMethodMatcher.java:25)
at org.testng.internal.reflect.AbstractMethodMatcher.conforms(AbstractMethodMatcher.java:25)
at org.testng.internal.reflect.DataProviderMethodMatcher.hasConformance(DataProviderMethodMatcher.java:20)
at org.testng.internal.reflect.AbstractMethodMatcher.conforms(AbstractMethodMatcher.java:25)
at org.testng.internal.reflect.DataProviderMethodMatcher.getConformingArguments(DataProviderMethodMatcher.java:34)
at org.testng.internal.Parameters.injectParameters(Parameters.java:914)
at org.testng.internal.MethodRunner.runInSequence(MethodRunner.java:34)
at org.testng.internal.TestInvoker$MethodInvocationAgent.invoke(TestInvoker.java:824)
at org.testng.internal.TestInvoker.invokeTestMethods(TestInvoker.java:146)
at org.testng.internal.TestMethodWorker.invokeTestMethods(TestMethodWorker.java:146)
at org.testng.internal.TestMethodWorker.run(TestMethodWorker.java:128)
at java.base/java.util.ArrayList.forEach(ArrayList.java:1511)
at org.testng.TestRunner.privateRun(TestRunner.java:794)
at org.testng.TestRunner.run(TestRunner.java:596)
at org.testng.SuiteRunner.runTest(SuiteRunner.java:377)
at org.testng.SuiteRunner.runSequentially(SuiteRunner.java:371)
at org.testng.SuiteRunner.privateRun(SuiteRunner.java:332)
at org.testng.SuiteRunner.run(SuiteRunner.java:276)
at org.testng.SuiteRunnerWorker.runSuite(SuiteRunnerWorker.java:53)
at org.testng.SuiteRunnerWorker.run(SuiteRunnerWorker.java:96)
at org.testng.TestNG.runSuitesSequentially(TestNG.java:1212)
at org.testng.TestNG.runSuitesLocally(TestNG.java:1134)
at org.testng.TestNG.runSuites(TestNG.java:1063)
at org.testng.TestNG.run(TestNG.java:1031)
at org.testng.remote.AbstractRemoteTestNG.run(AbstractRemoteTestNG.java:115)
at org.testng.remote.RemoteTestNG.initAndRun(RemoteTestNG.java:251)
at org.testng.remote.RemoteTestNG.main(RemoteTestNG.java:77)
]]>
            </full-stacktrace>
          </exception> <!-- java.lang.NullPointerException -->
          <reporter-output>
          </reporter-output>
        </test-method> <!-- toyotaTestWithoutParam -->
        <test-method is-config="true" signature="endReport()[pri:0, instance:com.amfam.test.auto.AutoTestExcelDataProvider@130c12b7]" started-at="2022-05-26T21:54:30 EDT" name="endReport" finished-at="2022-05-26T21:54:30 EDT" duration-ms="396" status="PASS">
          <reporter-output>
          </reporter-output>
        </test-method> <!-- endReport -->
      </class> <!-- com.amfam.test.auto.AutoTestExcelDataProvider -->
    </test> <!-- Test -->
  </suite> <!-- Suite -->
</testng-results>
