<?xml version="1.0" encoding="UTF-8"?>
<!-- Generated by org.testng.reporters.JUnitReportReporter -->
<testsuite hostname="CodeOne" failures="0" tests="4" name="com.amfam.test.auto.AutoTestRobust" time="-1653706880.000" errors="1" timestamp="2022-05-27T23:00:41 EDT" skipped="3">
  <testcase classname="com.amfam.test.auto.AutoTestRobust" name="setUp" time="-1653706880.000">
    <error message="
Parameter &#039;browser&#039; is required by BeforeMethod on method setUp but has not been marked @Optional or defined
in C:\Users\rubal\eclipse-workspace\com.amfam.com\SmokeRunner.xml" type="org.testng.TestNGException">
      <![CDATA[org.testng.TestNGException: 
Parameter 'browser' is required by BeforeMethod on method setUp but has not been marked @Optional or defined
in C:\Users\rubal\eclipse-workspace\com.amfam.com\SmokeRunner.xml
at org.testng.internal.Parameters.createParams(Parameters.java:270)
at org.testng.internal.Parameters.createParametersForMethod(Parameters.java:358)
at org.testng.internal.Parameters.createParameters(Parameters.java:700)
at org.testng.internal.Parameters.createConfigurationParameters(Parameters.java:168)
at org.testng.internal.ConfigInvoker.invokeConfigurations(ConfigInvoker.java:302)
at org.testng.internal.TestInvoker.runConfigMethods(TestInvoker.java:700)
at org.testng.internal.TestInvoker.invokeMethod(TestInvoker.java:527)
at org.testng.internal.TestInvoker.invokeTestMethod(TestInvoker.java:173)
at org.testng.internal.MethodRunner.runInSequence(MethodRunner.java:46)
at org.testng.internal.TestInvoker$MethodInvocationAgent.invoke(TestInvoker.java:824)
at org.testng.internal.TestInvoker.invokeTestMethods(TestInvoker.java:146)
at org.testng.internal.TestMethodWorker.invokeTestMethods(TestMethodWorker.java:146)
at org.testng.internal.TestMethodWorker.run(TestMethodWorker.java:128)
at java.base/java.util.ArrayList.forEach(ArrayList.java:1511)
at org.testng.TestRunner.privateRun(TestRunner.java:794)
at org.testng.TestRunner.run(TestRunner.java:596)
at org.testng.SuiteRunner.runTest(SuiteRunner.java:377)
at org.testng.SuiteRunner.runSequentially(SuiteRunner.java:371)
at org.testng.SuiteRunner.privateRun(SuiteRunner.java:332)
at org.testng.SuiteRunner.run(SuiteRunner.java:276)
at org.testng.SuiteRunnerWorker.runSuite(SuiteRunnerWorker.java:53)
at org.testng.SuiteRunnerWorker.run(SuiteRunnerWorker.java:96)
at org.testng.TestNG.runSuitesSequentially(TestNG.java:1212)
at org.testng.TestNG.runSuitesLocally(TestNG.java:1134)
at org.testng.TestNG.runSuites(TestNG.java:1063)
at org.testng.TestNG.run(TestNG.java:1031)
at org.testng.remote.AbstractRemoteTestNG.run(AbstractRemoteTestNG.java:115)
at org.testng.remote.RemoteTestNG.initAndRun(RemoteTestNG.java:251)
at org.testng.remote.RemoteTestNG.main(RemoteTestNG.java:77)
]]>
    </error>
  </testcase> <!-- setUp -->
  <system-out/>
  <testcase classname="com.amfam.test.auto.AutoTestRobust" name="hondaTest" time="0.000">
    <skipped/>
  </testcase> <!-- hondaTest -->
  <system-out/>
  <testcase classname="com.amfam.test.auto.AutoTestRobust" name="dependsOnMethod">
    <skipped/>
  </testcase> <!-- dependsOnMethod -->
  <system-out/>
  <testcase classname="com.amfam.test.auto.AutoTestRobust" name="dependsOnGroups">
    <skipped/>
  </testcase> <!-- dependsOnGroups -->
  <system-out/>
</testsuite> <!-- com.amfam.test.auto.AutoTestRobust -->
